<?xml version="1.0" encoding="UTF-8"?>
<!-- Generated by org.testng.reporters.JUnitXMLReporter -->
<testsuite ignored="0" hostname="Dell" failures="0" tests="9" name="Command line test" time="20.572" errors="0" timestamp="2023-01-12T19:56:50 MSK">
  <testcase classname="pageobject.staticpageobject.TestBaseSPO" name="@BeforeTest setup" time="20.51">
    <failure type="org.openqa.selenium.SessionNotCreatedException" message="Could not start a new session. Possible causes are invalid address of the remote server or browser start-up failure. 
Host info: host: &amp;apos;DELL&amp;apos;, ip: &amp;apos;192.168.100.2&amp;apos;">
      <![CDATA[org.openqa.selenium.SessionNotCreatedException: Could not start a new session. Possible causes are invalid address of the remote server or browser start-up failure. 
Host info: host: 'DELL', ip: '192.168.100.2'
at org.openqa.selenium.remote.RemoteWebDriver.execute(RemoteWebDriver.java:569)
at org.openqa.selenium.remote.RemoteWebDriver.startSession(RemoteWebDriver.java:244)
at org.openqa.selenium.remote.RemoteWebDriver.<init>(RemoteWebDriver.java:159)
at org.openqa.selenium.firefox.FirefoxDriver.<init>(FirefoxDriver.java:130)
at org.openqa.selenium.firefox.FirefoxDriver.<init>(FirefoxDriver.java:111)
at org.openqa.selenium.firefox.FirefoxDriver.<init>(FirefoxDriver.java:101)
at pageobject.staticpageobject.TestBaseSPO.setup(TestBaseSPO.java:24)
Caused by: org.openqa.selenium.WebDriverException: Timed out waiting for driver process to start.
Build info: version: '4.7.1', revision: 'c6795baf1a3'
System info: os.name: 'Windows 11', os.arch: 'amd64', os.version: '10.0', java.version: '19'
Driver info: driver.version: FirefoxDriver
at org.openqa.selenium.remote.service.DriverService.start(DriverService.java:217)
at org.openqa.selenium.remote.service.DriverCommandExecutor.execute(DriverCommandExecutor.java:98)
at org.openqa.selenium.remote.RemoteWebDriver.execute(RemoteWebDriver.java:551)
... 35 more
... Removed 29 stack frames]]>
    </failure>
  </testcase> <!-- @BeforeTest setup -->
  <testcase classname="pageobject.staticpageobject.TestBaseSPO" name="@AfterTest teardown" time="0.0">
    <skipped/>
  </testcase> <!-- @AfterTest teardown -->
  <testcase classname="pageobject.staticpageobject.TestClassSPO" name="deliveryInformationPageTest" time="0.0">
    <skipped/>
  </testcase> <!-- deliveryInformationPageTest -->
  <testcase classname="pageobject.staticpageobject.TestClassSPO" name="greenDuckLabelTest" time="0.0">
    <skipped/>
  </testcase> <!-- greenDuckLabelTest -->
  <testcase classname="pageobject.staticpageobject.TestClassSPO" name="homePageTest" time="0.0">
    <skipped/>
  </testcase> <!-- homePageTest -->
  <testcase classname="pageobject.staticpageobject.TestClassSPO" name="openLiteCartSiteTest" time="0.0">
    <skipped/>
  </testcase> <!-- openLiteCartSiteTest -->
  <testcase classname="pageobject.staticpageobject.TestClassSPO" name="rubberDucksPageTest" time="0.0">
    <skipped/>
  </testcase> <!-- rubberDucksPageTest -->
  <testcase classname="pageobject.staticpageobject.TestClassSPO" name="sortByNameTest" time="0.0">
    <skipped/>
  </testcase> <!-- sortByNameTest -->
  <testcase classname="pageobject.staticpageobject.TestClassSPO" name="sortByPriceTest" time="0.0">
    <skipped/>
  </testcase> <!-- sortByPriceTest -->
  <testcase classname="pageobject.staticpageobject.TestClassSPO" name="termsAndConditionsTest" time="0.0">
    <skipped/>
  </testcase> <!-- termsAndConditionsTest -->
  <testcase classname="pageobject.staticpageobject.TestClassSPO" name="yellowDuckLabelTest" time="0.0">
    <skipped/>
  </testcase> <!-- yellowDuckLabelTest -->
</testsuite> <!-- Command line test -->
