<?xml version="1.0" encoding="UTF-8"?>
<!-- Generated by org.testng.reporters.JUnitReportReporter -->
<testsuite hostname="Dell" failures="0" tests="10" name="pageobject.staticpageobject.TestClassSPO" time="20.510" errors="1" timestamp="2023-01-12T19:56:50 MSK" skipped="9">
  <testcase classname="pageobject.staticpageobject.TestClassSPO" name="greenDuckLabelTest" time="0.000">
    <skipped/>
  </testcase> <!-- greenDuckLabelTest -->
  <system-out/>
  <testcase classname="pageobject.staticpageobject.TestClassSPO" name="sortByPriceTest" time="0.000">
    <skipped/>
  </testcase> <!-- sortByPriceTest -->
  <system-out/>
  <testcase classname="pageobject.staticpageobject.TestClassSPO" name="openLiteCartSiteTest" time="0.000">
    <skipped/>
  </testcase> <!-- openLiteCartSiteTest -->
  <system-out/>
  <testcase classname="pageobject.staticpageobject.TestClassSPO" name="rubberDucksPageTest" time="0.000">
    <skipped/>
  </testcase> <!-- rubberDucksPageTest -->
  <system-out/>
  <testcase classname="pageobject.staticpageobject.TestClassSPO" name="deliveryInformationPageTest" time="0.000">
    <skipped/>
  </testcase> <!-- deliveryInformationPageTest -->
  <system-out/>
  <testcase classname="pageobject.staticpageobject.TestClassSPO" name="sortByNameTest" time="0.000">
    <skipped/>
  </testcase> <!-- sortByNameTest -->
  <system-out/>
  <testcase classname="pageobject.staticpageobject.TestClassSPO" name="yellowDuckLabelTest" time="0.000">
    <skipped/>
  </testcase> <!-- yellowDuckLabelTest -->
  <system-out/>
  <testcase classname="pageobject.staticpageobject.TestClassSPO" name="setup" time="20.510">
    <error message="Could not start a new session. Possible causes are invalid address of the remote server or browser start-up failure. 
Host info: host: &#039;DELL&#039;, ip: &#039;192.168.100.2&#039;" type="org.openqa.selenium.SessionNotCreatedException">
      <![CDATA[org.openqa.selenium.SessionNotCreatedException: Could not start a new session. Possible causes are invalid address of the remote server or browser start-up failure. 
Host info: host: 'DELL', ip: '192.168.100.2'
at org.openqa.selenium.remote.RemoteWebDriver.execute(RemoteWebDriver.java:569)
at org.openqa.selenium.remote.RemoteWebDriver.startSession(RemoteWebDriver.java:244)
at org.openqa.selenium.remote.RemoteWebDriver.<init>(RemoteWebDriver.java:159)
at org.openqa.selenium.firefox.FirefoxDriver.<init>(FirefoxDriver.java:130)
at org.openqa.selenium.firefox.FirefoxDriver.<init>(FirefoxDriver.java:111)
at org.openqa.selenium.firefox.FirefoxDriver.<init>(FirefoxDriver.java:101)
at pageobject.staticpageobject.TestBaseSPO.setup(TestBaseSPO.java:24)
at java.base/jdk.internal.reflect.DirectMethodHandleAccessor.invoke(DirectMethodHandleAccessor.java:104)
at java.base/java.lang.reflect.Method.invoke(Method.java:578)
at org.testng.internal.invokers.MethodInvocationHelper.invokeMethod(MethodInvocationHelper.java:139)
at org.testng.internal.invokers.MethodInvocationHelper.invokeMethodConsideringTimeout(MethodInvocationHelper.java:69)
at org.testng.internal.invokers.ConfigInvoker.invokeConfigurationMethod(ConfigInvoker.java:361)
at org.testng.internal.invokers.ConfigInvoker.invokeConfigurations(ConfigInvoker.java:296)
at org.testng.TestRunner.invokeTestConfigurations(TestRunner.java:644)
at org.testng.TestRunner.beforeRun(TestRunner.java:633)
at org.testng.TestRunner.run(TestRunner.java:595)
at org.testng.SuiteRunner.runTest(SuiteRunner.java:437)
at org.testng.SuiteRunner.runSequentially(SuiteRunner.java:431)
at org.testng.SuiteRunner.privateRun(SuiteRunner.java:391)
at org.testng.SuiteRunner.run(SuiteRunner.java:330)
at org.testng.SuiteRunnerWorker.runSuite(SuiteRunnerWorker.java:52)
at org.testng.SuiteRunnerWorker.run(SuiteRunnerWorker.java:95)
at org.testng.TestNG.runSuitesSequentially(TestNG.java:1256)
at org.testng.TestNG.runSuitesLocally(TestNG.java:1176)
at org.testng.TestNG.runSuites(TestNG.java:1099)
at org.testng.TestNG.run(TestNG.java:1067)
at org.apache.maven.surefire.testng.TestNGExecutor.run(TestNGExecutor.java:77)
at org.apache.maven.surefire.testng.TestNGDirectoryTestSuite.execute(TestNGDirectoryTestSuite.java:110)
at org.apache.maven.surefire.testng.TestNGProvider.invoke(TestNGProvider.java:106)
at java.base/jdk.internal.reflect.DirectMethodHandleAccessor.invoke(DirectMethodHandleAccessor.java:104)
at java.base/java.lang.reflect.Method.invoke(Method.java:578)
at org.apache.maven.surefire.util.ReflectionUtils.invokeMethodWithArray(ReflectionUtils.java:189)
at org.apache.maven.surefire.booter.ProviderFactory$ProviderProxy.invoke(ProviderFactory.java:165)
at org.apache.maven.surefire.booter.ProviderFactory.invokeProvider(ProviderFactory.java:85)
at org.apache.maven.surefire.booter.ForkedBooter.runSuitesInProcess(ForkedBooter.java:115)
at org.apache.maven.surefire.booter.ForkedBooter.main(ForkedBooter.java:75)
Caused by: org.openqa.selenium.WebDriverException: Timed out waiting for driver process to start.
Build info: version: '4.7.1', revision: 'c6795baf1a3'
System info: os.name: 'Windows 11', os.arch: 'amd64', os.version: '10.0', java.version: '19'
Driver info: driver.version: FirefoxDriver
at org.openqa.selenium.remote.service.DriverService.start(DriverService.java:217)
at org.openqa.selenium.remote.service.DriverCommandExecutor.execute(DriverCommandExecutor.java:98)
at org.openqa.selenium.remote.RemoteWebDriver.execute(RemoteWebDriver.java:551)
... 35 more
]]>
    </error>
  </testcase> <!-- setup -->
  <system-out/>
  <testcase classname="pageobject.staticpageobject.TestClassSPO" name="homePageTest" time="0.000">
    <skipped/>
  </testcase> <!-- homePageTest -->
  <system-out/>
  <testcase classname="pageobject.staticpageobject.TestClassSPO" name="termsAndConditionsTest" time="0.000">
    <skipped/>
  </testcase> <!-- termsAndConditionsTest -->
  <system-out/>
</testsuite> <!-- pageobject.staticpageobject.TestClassSPO -->
